<?xml version="1.0" encoding="utf-8"?><testsuites name="pytest tests"><testsuite name="pytest" errors="0" failures="0" skipped="0" tests="26" time="2.460" timestamp="2026-07-12T18:14:57.527888+00:00" hostname="agent-env-4b0c460c-3597-455f-89b0-c46eb7af1147"><testcase classname="backend.tests.test_index_intraday.TestIndexIntradayNIFTY" name="test_nifty_pe_returns_200" time="1.223" /><testcase classname="backend.tests.test_index_intraday.TestIndexIntradayNIFTY" name="test_nifty_pe_instrument_label" time="0.004" /><testcase classname="backend.tests.test_index_intraday.TestIndexIntradayNIFTY" name="test_nifty_pe_is_live_derived_true" time="0.006" /><testcase classname="backend.tests.test_index_intraday.TestIndexIntradayNIFTY" name="test_nifty_pe_has_at_least_50_bars" time="0.005" /><testcase classname="backend.tests.test_index_intraday.TestIndexIntradayNIFTY" name="test_nifty_pe_bars_have_positive_ohlc" time="0.006" /><testcase classname="backend.tests.test_index_intraday.TestIndexIntradayNIFTY" name="test_nifty_pe_india_vix_positive" time="0.004" /><testcase classname="backend.tests.test_index_intraday.TestIndexIntradayNIFTY" name="test_nifty_pe_response_structure" time="0.003" /><testcase classname="backend.tests.test_index_intraday.TestIndexIntradayBANKNIFTY" name="test_banknifty_ce_returns_200" time="0.233" /><testcase classname="backend.tests.test_index_intraday.TestIndexIntradayBANKNIFTY" name="test_banknifty_ce_has_bars" time="0.004" /><testcase classname="backend.tests.test_index_intraday.TestIndexIntradayBANKNIFTY" name="test_banknifty_ce_positive_ohlc" time="0.004" /><testcase classname="backend.tests.test_index_intraday.TestIndexIntradayBANKNIFTY" name="test_banknifty_ce_india_vix_present" time="0.003" /><testcase classname="backend.tests.test_index_intraday.TestIndexIntradayFINNIFTY" name="test_finnifty_deep_otm_strike_returns_404" time="0.299" /><testcase classname="backend.tests.test_index_intraday.TestIndexIntradayFINNIFTY" name="test_finnifty_atm_pe_returns_200" time="0.128" /><testcase classname="backend.tests.test_index_intraday.TestIndexIntradayFINNIFTY" name="test_finnifty_atm_pe_has_bars" time="0.005" /><testcase classname="backend.tests.test_index_intraday.TestIndexIntradayFINNIFTY" name="test_finnifty_atm_pe_india_vix_present" time="0.003" /><testcase classname="backend.tests.test_index_intraday.TestSensexIntradayRegression" name="test_sensex_ce_returns_200" time="0.248" /><testcase classname="backend.tests.test_index_intraday.TestSensexIntradayRegression" name="test_sensex_has_bars" time="0.004" /><testcase classname="backend.tests.test_index_intraday.TestSensexIntradayRegression" name="test_sensex_india_vix_present" time="0.003" /><testcase classname="backend.tests.test_index_intraday.TestSensexIntradayRegression" name="test_sensex_is_live_derived" time="0.003" /><testcase classname="backend.tests.test_index_intraday.TestIndexIntradayEdgeCases" name="test_invalid_underlying_does_not_crash" time="0.105" /><testcase classname="backend.tests.test_index_intraday.TestIndexIntradayEdgeCases" name="test_invalid_option_type_returns_422" time="0.002" /><testcase classname="backend.tests.test_index_intraday.TestIndexIntradayEdgeCases" name="test_invalid_expiry_format_returns_400" time="0.002" /><testcase classname="backend.tests.test_index_intraday.TestIndexIntradayEdgeCases" name="test_nifty_ce_also_works" time="0.101" /><testcase classname="backend.tests.test_index_intraday.TestIndexIntradayEdgeCases" name="test_bar_ohlc_fields_are_numeric" time="0.004" /><testcase classname="backend.tests.test_index_intraday.TestIndexIntradayEdgeCases" name="test_bar_timestamp_is_integer" time="0.004" /><testcase classname="backend.tests.test_index_intraday.TestIndexIntradayEdgeCases" name="test_nifty_underlying_field_in_response" time="0.008" /></testsuite></testsuites>