<?xml version="1.0" encoding="utf-8"?><testsuites name="pytest tests"><testsuite name="pytest" errors="0" failures="0" skipped="0" tests="37" time="0.792" timestamp="2026-07-12T18:34:40.170901+00:00" hostname="agent-env-4b0c460c-3597-455f-89b0-c46eb7af1147"><testcase classname="tests.test_brain_improvements.TestDynamicConfThreshold" name="test_empty_dict_returns_58" time="0.000" /><testcase classname="tests.test_brain_improvements.TestDynamicConfThreshold" name="test_low_vol_atr_1_5_returns_58" time="0.000" /><testcase classname="tests.test_brain_improvements.TestDynamicConfThreshold" name="test_medium_vol_atr_2_5_returns_62" time="0.000" /><testcase classname="tests.test_brain_improvements.TestDynamicConfThreshold" name="test_high_vol_atr_3_5_returns_66" time="0.000" /><testcase classname="tests.test_brain_improvements.TestDynamicConfThreshold" name="test_extreme_vol_atr_5_5_returns_74" time="0.000" /><testcase classname="tests.test_brain_improvements.TestDynamicConfThreshold" name="test_extreme_vol_atr_6_0_returns_76_capped" time="0.000" /><testcase classname="tests.test_brain_improvements.TestDynamicConfThreshold" name="test_very_low_vol_minimum_48" time="0.000" /><testcase classname="tests.test_brain_improvements.TestDynamicConfThreshold" name="test_monotonic_relationship" time="0.000" /><testcase classname="tests.test_brain_improvements.TestDynamicConfThreshold" name="test_multiple_tickers_average_atr" time="0.000" /><testcase classname="tests.test_brain_improvements.TestDynamicConfThreshold" name="test_return_type_is_int" time="0.000" /><testcase classname="tests.test_brain_improvements.TestDynamicConfThreshold" name="test_no_atr_key_returns_58" time="0.000" /><testcase classname="tests.test_brain_improvements.TestDangerScannerDiversityNoise" name="test_sector_cap_max_2_per_sector" time="0.000" /><testcase classname="tests.test_brain_improvements.TestDangerScannerDiversityNoise" name="test_three_banking_entries_capped_at_2" time="0.000" /><testcase classname="tests.test_brain_improvements.TestDangerScannerDiversityNoise" name="test_noisy_score_field_added" time="0.000" /><testcase classname="tests.test_brain_improvements.TestDangerScannerDiversityNoise" name="test_noisy_score_within_12pct_range" time="0.000" /><testcase classname="tests.test_brain_improvements.TestDangerScannerDiversityNoise" name="test_top_n_respected" time="0.000" /><testcase classname="tests.test_brain_improvements.TestDangerScannerDiversityNoise" name="test_multiple_sectors_all_allowed_up_to_2" time="0.000" /><testcase classname="tests.test_brain_improvements.TestDangerScannerDiversityNoise" name="test_empty_input_returns_empty" time="0.000" /><testcase classname="tests.test_brain_improvements.TestUniverseScannerDiversityNoise" name="test_sector_cap_max_3_per_sector" time="0.000" /><testcase classname="tests.test_brain_improvements.TestUniverseScannerDiversityNoise" name="test_noisy_conf_field_added" time="0.000" /><testcase classname="tests.test_brain_improvements.TestUniverseScannerDiversityNoise" name="test_noisy_conf_within_12pct_range" time="0.000" /><testcase classname="tests.test_brain_improvements.TestUniverseScannerDiversityNoise" name="test_sector_field_set_correctly_for_known_tickers" time="0.000" /><testcase classname="tests.test_brain_improvements.TestUniverseScannerDiversityNoise" name="test_4_banking_picks_capped_at_3" time="0.000" /><testcase classname="tests.test_brain_improvements.TestUniverseScannerDiversityNoise" name="test_top_n_respected" time="0.000" /><testcase classname="tests.test_brain_improvements.TestUniverseScannerDiversityNoise" name="test_unknown_ticker_falls_back_to_segment" time="0.000" /><testcase classname="tests.test_brain_improvements.TestUniverseScannerDiversityNoise" name="test_empty_input_returns_empty" time="0.000" /><testcase classname="tests.test_brain_improvements.TestBrainGateTopPicks" name="test_brain_gate_field_added_to_each_pick" time="0.007" /><testcase classname="tests.test_brain_improvements.TestBrainGateTopPicks" name="test_brain_gate_values_are_valid" time="0.000" /><testcase classname="tests.test_brain_improvements.TestBrainGateTopPicks" name="test_brain_gate_preserves_all_picks" time="0.000" /><testcase classname="tests.test_brain_improvements.TestBrainGateTopPicks" name="test_brain_gate_only_processes_top_15" time="0.000" /><testcase classname="tests.test_brain_improvements.TestBrainGateTopPicks" name="test_brain_gate_empty_input" time="0.000" /><testcase classname="tests.test_brain_improvements.TestBrainGateTopPicks" name="test_brain_gate_does_not_remove_existing_fields" time="0.000" /><testcase classname="tests.test_brain_improvements.TestHealthAndServerEndpoints" name="test_health_endpoint_returns_200" time="0.152" /><testcase classname="tests.test_brain_improvements.TestHealthAndServerEndpoints" name="test_health_response_has_status_field" time="0.134" /><testcase classname="tests.test_brain_improvements.TestHealthAndServerEndpoints" name="test_api_root_responds" time="0.102" /><testcase classname="tests.test_brain_improvements.TestDangerScanIntegration" name="test_realistic_fno_mock_6_banking_capped_at_2" time="0.000" /><testcase classname="tests.test_brain_improvements.TestDangerScanIntegration" name="test_output_includes_non_banking_sectors" time="0.000" /></testsuite></testsuites>