<?xml version="1.0" encoding="utf-8"?><testsuites name="pytest tests"><testsuite name="pytest" errors="0" failures="0" skipped="0" tests="12" time="3.626" timestamp="2026-07-12T18:03:52.908720+00:00" hostname="agent-env-4b0c460c-3597-455f-89b0-c46eb7af1147"><testcase classname="backend.tests.test_orderflow_zero.TestOrderFlowZeroPrice" name="test_all_zero_bars_returns_200" time="3.497" /><testcase classname="backend.tests.test_orderflow_zero.TestOrderFlowZeroPrice" name="test_all_zero_bars_valid_signal" time="0.005" /><testcase classname="backend.tests.test_orderflow_zero.TestOrderFlowZeroPrice" name="test_all_zero_bars_atr_positive" time="0.057" /><testcase classname="backend.tests.test_orderflow_zero.TestOrderFlowZeroPrice" name="test_all_zero_bars_poc_finite" time="0.004" /><testcase classname="backend.tests.test_orderflow_zero.TestOrderFlowZeroPrice" name="test_tiny_price_bars_returns_200" time="0.004" /><testcase classname="backend.tests.test_orderflow_zero.TestOrderFlowZeroPrice" name="test_tiny_price_bars_valid_signal" time="0.009" /><testcase classname="backend.tests.test_orderflow_zero.TestOrderFlowZeroPrice" name="test_mixed_zero_and_tiny_bars_returns_200" time="0.004" /><testcase classname="backend.tests.test_orderflow_zero.TestOrderFlowZeroPrice" name="test_mixed_bars_atr_positive" time="0.004" /><testcase classname="backend.tests.test_orderflow_zero.TestOrderFlowZeroPrice" name="test_too_few_bars_returns_400" time="0.002" /><testcase classname="backend.tests.test_orderflow_zero.TestOrderFlowZeroPrice" name="test_pre_existing_test_payload_from_tmp" time="0.004" /><testcase classname="backend.tests.test_orderflow_zero.TestOrderFlowZeroPrice" name="test_all_zero_bars_response_structure" time="0.004" /><testcase classname="backend.tests.test_orderflow_zero.TestOrderFlowZeroPrice" name="test_no_division_by_zero_in_error_message" time="0.004" /></testsuite></testsuites>