<?xml version="1.0" encoding="utf-8"?><testsuites name="pytest tests"><testsuite name="pytest" errors="0" failures="0" skipped="0" tests="21" time="12.197" timestamp="2026-07-13T02:14:07.911405+00:00" hostname="agent-env-3e06dca8-541b-4c68-a2a6-2133381a7d88"><testcase classname="backend.tests.test_option_chain.TestEquityOptionChain" name="test_option_chain_reliance_status" time="7.210" /><testcase classname="backend.tests.test_option_chain.TestEquityOptionChain" name="test_option_chain_reliance_structure" time="0.160" /><testcase classname="backend.tests.test_option_chain.TestEquityOptionChain" name="test_option_chain_reliance_chain_array" time="0.109" /><testcase classname="backend.tests.test_option_chain.TestEquityOptionChain" name="test_option_chain_reliance_call_put_pairs" time="0.098" /><testcase classname="backend.tests.test_option_chain.TestEquityOptionChain" name="test_option_chain_reliance_underlying_price" time="0.104" /><testcase classname="backend.tests.test_option_chain.TestEquityOptionChain" name="test_option_chain_reliance_expiries" time="0.132" /><testcase classname="backend.tests.test_option_chain.TestEquityOptionChain" name="test_option_chain_reliance_atm_strike" time="0.101" /><testcase classname="backend.tests.test_option_chain.TestEquityOptionChain" name="test_option_chain_call_price_positive" time="0.140" /><testcase classname="backend.tests.test_option_chain.TestEquityOptionChain" name="test_option_chain_put_price_positive" time="0.104" /><testcase classname="backend.tests.test_option_chain.TestEquityOptionChain" name="test_option_chain_with_expiry_param" time="0.604" /><testcase classname="backend.tests.test_option_chain.TestEquityOptionChain" name="test_option_chain_tcs" time="0.878" /><testcase classname="backend.tests.test_option_chain.TestEquityOptionChain" name="test_option_chain_with_ns_suffix" time="0.112" /><testcase classname="backend.tests.test_option_chain.TestEquityOptionIntraday" name="test_equity_intraday_ce_status" time="0.684" /><testcase classname="backend.tests.test_option_chain.TestEquityOptionIntraday" name="test_equity_intraday_pe_status" time="0.367" /><testcase classname="backend.tests.test_option_chain.TestEquityOptionIntraday" name="test_equity_intraday_bars_structure" time="0.208" /><testcase classname="backend.tests.test_option_chain.TestEquityOptionIntraday" name="test_equity_intraday_bars_non_empty" time="0.200" /><testcase classname="backend.tests.test_option_chain.TestEquityOptionIntraday" name="test_equity_intraday_bar_ohlc" time="0.204" /><testcase classname="backend.tests.test_option_chain.TestEquityOptionIntraday" name="test_equity_intraday_ticker_format" time="0.201" /><testcase classname="backend.tests.test_option_chain.TestEquityOptionIntraday" name="test_equity_intraday_invalid_option_type" time="0.195" /><testcase classname="backend.tests.test_option_chain.TestEquityOptionIntraday" name="test_equity_intraday_missing_params" time="0.097" /><testcase classname="backend.tests.test_option_chain.TestEquityOptionIntraday" name="test_equity_intraday_manual_strike" time="0.244" /></testsuite></testsuites>