<?xml version="1.0" encoding="utf-8"?><testsuites name="pytest tests"><testsuite name="pytest" errors="0" failures="0" skipped="0" tests="14" time="4.320" timestamp="2026-07-12T17:54:55.771854+00:00" hostname="agent-env-4b0c460c-3597-455f-89b0-c46eb7af1147"><testcase classname="backend.tests.test_nifty_options.TestNiftyOptionsEndpoint" name="test_nifty_options_returns_200" time="3.074" /><testcase classname="backend.tests.test_nifty_options.TestNiftyOptionsEndpoint" name="test_nifty_options_response_structure" time="0.056" /><testcase classname="backend.tests.test_nifty_options.TestNiftyOptionsEndpoint" name="test_nifty_options_has_data" time="0.062" /><testcase classname="backend.tests.test_nifty_options.TestNiftyOptionsEndpoint" name="test_nifty_options_has_ce_and_pe" time="0.053" /><testcase classname="backend.tests.test_nifty_options.TestNiftyOptionsEndpoint" name="test_nifty_option_row_fields" time="0.056" /><testcase classname="backend.tests.test_nifty_options.TestNiftyOptionsEndpoint" name="test_nifty_options_bs_derived_flag" time="0.051" /><testcase classname="backend.tests.test_nifty_options.TestNiftyOptionsEndpoint" name="test_nifty_options_call_filter" time="0.051" /><testcase classname="backend.tests.test_nifty_options.TestNiftyOptionsEndpoint" name="test_nifty_options_put_filter" time="0.048" /><testcase classname="backend.tests.test_nifty_options.TestNiftyOptionsEndpoint" name="test_nifty_options_all_filter" time="0.052" /><testcase classname="backend.tests.test_nifty_options.TestNiftyOptionsEndpoint" name="test_nifty_options_nearest_expiry" time="0.054" /><testcase classname="backend.tests.test_nifty_options.TestNiftyOptionsEndpoint" name="test_nifty_options_all_expiries" time="0.053" /><testcase classname="backend.tests.test_nifty_options.TestBankNiftyOptionsEndpoint" name="test_banknifty_options_200" time="0.428" /><testcase classname="backend.tests.test_nifty_options.TestSensexOptionsEndpoint" name="test_sensex_options_200" time="0.195" /><testcase classname="backend.tests.test_nifty_options.TestSensexOptionsEndpoint" name="test_sensex_live_derived_flag" time="0.050" /></testsuite></testsuites>